<?xml version="1.0" encoding="UTF-8"?>
<!-- Generated by org.testng.reporters.JUnitReportReporter -->
<testsuite hostname="DESKTOP-FAU8SHO" failures="0" tests="1" name="testcases.dropownTest3" time="6.026" errors="0" timestamp="2022-05-11T19:41:54 EDT" skipped="0">
  <testcase classname="testcases.dropownTest3" name="opt3Sel" time="6.026"/>
  <system-out/>
</testsuite> <!-- testcases.dropownTest3 -->
