<?xml version="1.0" encoding="UTF-8"?>
<!-- Generated by org.testng.reporters.JUnitReportReporter -->
<testsuite hostname="DESKTOP-FAU8SHO" failures="0" tests="1" name="testcases.SampleLogin" time="5.180" errors="0" timestamp="2022-05-11T18:22:16 EDT" skipped="0">
  <testcase classname="testcases.SampleLogin" name="loginTest" time="5.180"/>
  <system-out/>
</testsuite> <!-- testcases.SampleLogin -->
