<?xml version="1.0" encoding="UTF-8"?>
<!-- Generated by org.testng.reporters.JUnitReportReporter -->
<testsuite hostname="DESKTOP-FAU8SHO" failures="0" tests="2" name="testcases.test4Button" time="11.798" errors="0" timestamp="2022-05-11T18:31:26 EDT" skipped="0">
  <testcase classname="testcases.test4Button" name="buttonDisable" time="7.164"/>
  <system-out/>
  <testcase classname="testcases.test4Button" name="buttonEnable" time="4.634"/>
  <system-out/>
</testsuite> <!-- testcases.test4Button -->
